// ANCHOR: all
// ANCHOR: command
$ forge test --zksync --allow-failure
// ANCHOR_END: command
// ANCHOR: output
Compiling 1 files with Solc 0.8.10
<<<<<<< HEAD
Solc 0.8.10 finished in 896.22ms
Compiler run successful with warnings:
Warning (9302): Return value of low-level calls not used.
  --> test/Safe.t.sol:11:9:
   |
11 |         payable(msg.sender).call{value: address(this).balance}("");
   |         ^^^^^^^^^^^^^^^^^^^^^^^^^^^^^^^^^^^^^^^^^^^^^^^^^^^^^^^^^^

Warning (9302): Return value of low-level calls not used.
  --> test/Safe.t.sol:30:9:
   |
30 |         payable(address(safe)).call{value: amount}("");
   |         ^^^^^^^^^^^^^^^^^^^^^^^^^^^^^^^^^^^^^^^^^^^^^^


Compiling 1 files with zksolc and solc 0.8.10
zksolc and solc 0.8.10 finished in 4.90s
Compiler run successful with warnings:
Warning (9302)
Warning: Return value of low-level calls not used.
  --> test/Safe.t.sol:11:9:
   |
11 |         payable(msg.sender).call{value: address(this).balance}("");
   |         ^^^^^^^^^^^^^^^^^^^^^^^^^^^^^^^^^^^^^^^^^^^^^^^^^^^^^^^^^^

Warning (9302)
Warning: Return value of low-level calls not used.
  --> test/Safe.t.sol:30:9:
   |
30 |         payable(address(safe)).call{value: amount}("");
   |         ^^^^^^^^^^^^^^^^^^^^^^^^^^^^^^^^^^^^^^^^^^^^^^

2025-01-29T13:28:52.451403Z ERROR foundry_zksync_core::vm::inspect: reverting initiator tx nonce for CALL address=0x1804c8ab1f12e6bbf3894d4083f33e07309d1f38 from=3 to=2 deploy_nonce=2
2025-01-29T13:28:52.455966Z ERROR foundry_zksync_core::vm::inspect: tx execution halted: Account validation error: Not enough balance for fee + value
2025-01-29T13:28:52.455970Z ERROR foundry_zksync_core::vm::inspect: reverting initiator tx nonce for CALL address=0x1804c8ab1f12e6bbf3894d4083f33e07309d1f38 from=2 to=1 deploy_nonce=2
2025-01-29T13:28:52.461061Z ERROR foundry_zksync_core::vm::inspect: reverting initiator tx nonce for CALL address=0x1804c8ab1f12e6bbf3894d4083f33e07309d1f38 from=2 to=1 deploy_nonce=2

Ran 1 test for test/Safe.t.sol:SafeTest
[FAIL; counterexample: calldata=0x29facca7000000000000000000000000000000000001459df627fd1d62cf8ae77f13b0ee args=[6604298124357356200448907764019438 [6.604e33]]] testFuzz_Withdraw(uint256) (runs: 0, μ: 0, ~: 0)
Suite result: FAILED. 0 passed; 1 failed; 0 skipped; finished in 19.35ms (10.00ms CPU time)

Ran 1 test suite in 19.81ms (19.35ms CPU time): 0 tests passed, 1 failed, 0 skipped (1 total tests)
=======
Solc 0.8.10 finished in 627.28ms
Compiler run successful!

Ran 1 test for test/Safe.t.sol:SafeTest
[FAIL: EvmError: Revert; counterexample: calldata=0x29facca7fffffffffffffffffffffffffffffffffffffffffffffffffffffffffffffffc args=[115792089237316195423570985008687907853269984665640564039457584007913129639932 [1.157e77]]] testFuzz_Withdraw(uint256) (runs: 3, μ: 19884, ~: 19884)
Suite result: FAILED. 0 passed; 1 failed; 0 skipped; finished in 892.12µs (487.21µs CPU time)

Ran 1 test suite in 5.96ms (892.12µs CPU time): 0 tests passed, 1 failed, 0 skipped (1 total tests)
>>>>>>> 67be473
// ANCHOR_END: output
// ANCHOR_END: all
